<?xml version="1.0" encoding="UTF-8"?>
<!-- Generated by org.testng.reporters.JUnitXMLReporter -->
<testsuite hostname="MadhuKiran" ignored="0" name="EXTENT5" tests="5" failures="0" timestamp="2022-07-04T19:51:49 IST" time="0.048" errors="0">
  <testcase name="A1" time="0.006" classname="ParllelTests.Test1"/>
  <testcase name="A2" time="0.0" classname="ParllelTests.Test1"/>
  <testcase name="A3" time="0.0" classname="ParllelTests.Test1"/>
  <testcase name="A4" time="0.0" classname="ParllelTests.Test1"/>
  <testcase name="A5" time="0.0" classname="ParllelTests.Test1"/>
</testsuite> <!-- EXTENT5 -->
